This file contains any messages produced by compilers while
running configure, to aid debugging if configure makes a mistake.

It was created by libabb configure 0.1, which was
generated by GNU Autoconf 2.69.  Invocation command line was

  $ ./configure 

## --------- ##
## Platform. ##
## --------- ##

hostname = wd-desktop
uname -m = i686
uname -r = 3.13.0-29-generic
uname -s = Linux
uname -v = #53-Ubuntu SMP Wed Jun 4 21:02:19 UTC 2014

/usr/bin/uname -p = unknown
/bin/uname -X     = unknown

/bin/arch              = unknown
/usr/bin/arch -k       = unknown
/usr/convex/getsysinfo = unknown
/usr/bin/hostinfo      = unknown
/bin/machine           = unknown
/usr/bin/oslevel       = unknown
/bin/universe          = unknown

PATH: /usr/local/sbin
PATH: /usr/local/bin
PATH: /usr/sbin
PATH: /usr/bin
PATH: /sbin
PATH: /bin
PATH: /usr/games
PATH: /usr/local/games
PATH: /home/wd/go/bin


## ----------- ##
## Core tests. ##
## ----------- ##

configure:2284: checking for a BSD-compatible install
configure:2352: result: /usr/bin/install -c
configure:2363: checking whether build environment is sane
configure:2400: result: yes
configure:2527: checking for a thread-safe mkdir -p
configure:2566: result: /bin/mkdir -p
configure:2579: checking for gawk
configure:2609: result: no
configure:2579: checking for mawk
configure:2595: found /usr/bin/mawk
configure:2606: result: mawk
configure:2617: checking whether make sets $(MAKE)
configure:2639: result: yes
configure:2778: checking for g++
configure:2794: found /usr/bin/g++
configure:2805: result: g++
configure:2832: checking for C++ compiler version
configure:2841: g++ --version >&5
g++ (Ubuntu 4.8.2-19ubuntu1) 4.8.2
Copyright (C) 2013 Free Software Foundation, Inc.
This is free software; see the source for copying conditions.  There is NO
warranty; not even for MERCHANTABILITY or FITNESS FOR A PARTICULAR PURPOSE.

configure:2852: $? = 0
configure:2841: g++ -v >&5
Using built-in specs.
COLLECT_GCC=g++
COLLECT_LTO_WRAPPER=/usr/lib/gcc/i686-linux-gnu/4.8/lto-wrapper
Target: i686-linux-gnu
Configured with: ../src/configure -v --with-pkgversion='Ubuntu 4.8.2-19ubuntu1' --with-bugurl=file:///usr/share/doc/gcc-4.8/README.Bugs --enable-languages=c,c++,java,go,d,fortran,objc,obj-c++ --prefix=/usr --program-suffix=-4.8 --enable-shared --enable-linker-build-id --libexecdir=/usr/lib --without-included-gettext --enable-threads=posix --with-gxx-include-dir=/usr/include/c++/4.8 --libdir=/usr/lib --enable-nls --with-sysroot=/ --enable-clocale=gnu --enable-libstdcxx-debug --enable-libstdcxx-time=yes --enable-gnu-unique-object --disable-libmudflap --enable-plugin --with-system-zlib --disable-browser-plugin --enable-java-awt=gtk --enable-gtk-cairo --with-java-home=/usr/lib/jvm/java-1.5.0-gcj-4.8-i386/jre --enable-java-home --with-jvm-root-dir=/usr/lib/jvm/java-1.5.0-gcj-4.8-i386 --with-jvm-jar-dir=/usr/lib/jvm-exports/java-1.5.0-gcj-4.8-i386 --with-arch-directory=i386 --with-ecj-jar=/usr/share/java/eclipse-ecj.jar --enable-objc-gc --enable-targets=all --enable-multiarch --disable-werror --with-arch-32=i686 --with-multilib-list=m32,m64,mx32 --with-tune=generic --enable-checking=release --build=i686-linux-gnu --host=i686-linux-gnu --target=i686-linux-gnu
Thread model: posix
gcc version 4.8.2 (Ubuntu 4.8.2-19ubuntu1) 
configure:2852: $? = 0
configure:2841: g++ -V >&5
g++: error: unrecognized command line option '-V'
g++: fatal error: no input files
compilation terminated.
configure:2852: $? = 4
configure:2841: g++ -qversion >&5
g++: error: unrecognized command line option '-qversion'
g++: fatal error: no input files
compilation terminated.
configure:2852: $? = 4
configure:2872: checking whether the C++ compiler works
configure:2894: g++    conftest.cpp  >&5
configure:2898: $? = 0
configure:2946: result: yes
configure:2949: checking for C++ compiler default output file name
configure:2951: result: a.out
configure:2957: checking for suffix of executables
configure:2964: g++ -o conftest    conftest.cpp  >&5
configure:2968: $? = 0
configure:2990: result: 
configure:3012: checking whether we are cross compiling
configure:3020: g++ -o conftest    conftest.cpp  >&5
configure:3024: $? = 0
configure:3031: ./conftest
configure:3035: $? = 0
configure:3050: result: no
configure:3055: checking for suffix of object files
configure:3077: g++ -c   conftest.cpp >&5
configure:3081: $? = 0
configure:3102: result: o
configure:3106: checking whether we are using the GNU C++ compiler
configure:3125: g++ -c   conftest.cpp >&5
configure:3125: $? = 0
configure:3134: result: yes
configure:3143: checking whether g++ accepts -g
configure:3163: g++ -c -g  conftest.cpp >&5
configure:3163: $? = 0
configure:3204: result: yes
configure:3238: checking for style of include used by make
configure:3266: result: GNU
configure:3291: checking dependency style of g++
configure:3401: result: gcc3
configure:3445: checking build system type
configure:3459: result: i686-pc-linux-gnu
configure:3479: checking host system type
configure:3492: result: i686-pc-linux-gnu
configure:3533: checking how to print strings
configure:3560: result: printf
configure:3629: checking for gcc
configure:3645: found /usr/bin/gcc
configure:3656: result: gcc
configure:3885: checking for C compiler version
configure:3894: gcc --version >&5
gcc (Ubuntu 4.8.2-19ubuntu1) 4.8.2
Copyright (C) 2013 Free Software Foundation, Inc.
This is free software; see the source for copying conditions.  There is NO
warranty; not even for MERCHANTABILITY or FITNESS FOR A PARTICULAR PURPOSE.

configure:3905: $? = 0
configure:3894: gcc -v >&5
Using built-in specs.
COLLECT_GCC=gcc
COLLECT_LTO_WRAPPER=/usr/lib/gcc/i686-linux-gnu/4.8/lto-wrapper
Target: i686-linux-gnu
Configured with: ../src/configure -v --with-pkgversion='Ubuntu 4.8.2-19ubuntu1' --with-bugurl=file:///usr/share/doc/gcc-4.8/README.Bugs --enable-languages=c,c++,java,go,d,fortran,objc,obj-c++ --prefix=/usr --program-suffix=-4.8 --enable-shared --enable-linker-build-id --libexecdir=/usr/lib --without-included-gettext --enable-threads=posix --with-gxx-include-dir=/usr/include/c++/4.8 --libdir=/usr/lib --enable-nls --with-sysroot=/ --enable-clocale=gnu --enable-libstdcxx-debug --enable-libstdcxx-time=yes --enable-gnu-unique-object --disable-libmudflap --enable-plugin --with-system-zlib --disable-browser-plugin --enable-java-awt=gtk --enable-gtk-cairo --with-java-home=/usr/lib/jvm/java-1.5.0-gcj-4.8-i386/jre --enable-java-home --with-jvm-root-dir=/usr/lib/jvm/java-1.5.0-gcj-4.8-i386 --with-jvm-jar-dir=/usr/lib/jvm-exports/java-1.5.0-gcj-4.8-i386 --with-arch-directory=i386 --with-ecj-jar=/usr/share/java/eclipse-ecj.jar --enable-objc-gc --enable-targets=all --enable-multiarch --disable-werror --with-arch-32=i686 --with-multilib-list=m32,m64,mx32 --with-tune=generic --enable-checking=release --build=i686-linux-gnu --host=i686-linux-gnu --target=i686-linux-gnu
Thread model: posix
gcc version 4.8.2 (Ubuntu 4.8.2-19ubuntu1) 
configure:3905: $? = 0
configure:3894: gcc -V >&5
gcc: error: unrecognized command line option '-V'
gcc: fatal error: no input files
compilation terminated.
configure:3905: $? = 4
configure:3894: gcc -qversion >&5
gcc: error: unrecognized command line option '-qversion'
gcc: fatal error: no input files
compilation terminated.
configure:3905: $? = 4
configure:3909: checking whether we are using the GNU C compiler
configure:3928: gcc -c   conftest.c >&5
configure:3928: $? = 0
configure:3937: result: yes
configure:3946: checking whether gcc accepts -g
configure:3966: gcc -c -g  conftest.c >&5
configure:3966: $? = 0
configure:4007: result: yes
configure:4024: checking for gcc option to accept ISO C89
configure:4087: gcc  -c -g -O2  conftest.c >&5
configure:4087: $? = 0
configure:4100: result: none needed
configure:4122: checking dependency style of gcc
configure:4232: result: gcc3
configure:4247: checking for a sed that does not truncate output
configure:4311: result: /bin/sed
configure:4329: checking for grep that handles long lines and -e
configure:4387: result: /bin/grep
configure:4392: checking for egrep
configure:4454: result: /bin/grep -E
configure:4459: checking for fgrep
configure:4521: result: /bin/grep -F
configure:4556: checking for ld used by gcc
configure:4623: result: /usr/bin/ld
configure:4630: checking if the linker (/usr/bin/ld) is GNU ld
configure:4645: result: yes
configure:4657: checking for BSD- or MS-compatible name lister (nm)
configure:4706: result: /usr/bin/nm -B
configure:4836: checking the name lister (/usr/bin/nm -B) interface
configure:4843: gcc -c -g -O2  conftest.c >&5
configure:4846: /usr/bin/nm -B "conftest.o"
configure:4849: output
00000000 B some_variable
configure:4856: result: BSD nm
configure:4859: checking whether ln -s works
configure:4863: result: yes
configure:4871: checking the maximum length of command line arguments
configure:5002: result: 1572864
configure:5019: checking whether the shell understands some XSI constructs
configure:5029: result: yes
configure:5033: checking whether the shell understands "+="
configure:5039: result: yes
configure:5074: checking how to convert i686-pc-linux-gnu file names to i686-pc-linux-gnu format
configure:5114: result: func_convert_file_noop
configure:5121: checking how to convert i686-pc-linux-gnu file names to toolchain format
configure:5141: result: func_convert_file_noop
configure:5148: checking for /usr/bin/ld option to reload object files
configure:5155: result: -r
configure:5229: checking for objdump
configure:5245: found /usr/bin/objdump
configure:5256: result: objdump
configure:5288: checking how to recognize dependent libraries
configure:5486: result: pass_all
configure:5571: checking for dlltool
configure:5601: result: no
configure:5631: checking how to associate runtime and link libraries
configure:5658: result: printf %s\n
configure:5719: checking for ar
configure:5735: found /usr/bin/ar
configure:5746: result: ar
configure:5783: checking for archiver @FILE support
configure:5800: gcc -c -g -O2  conftest.c >&5
configure:5800: $? = 0
configure:5803: ar cru libconftest.a @conftest.lst >&5
configure:5806: $? = 0
configure:5811: ar cru libconftest.a @conftest.lst >&5
ar: conftest.o: No such file or directory
configure:5814: $? = 1
configure:5826: result: @
configure:5884: checking for strip
configure:5900: found /usr/bin/strip
configure:5911: result: strip
configure:5983: checking for ranlib
configure:5999: found /usr/bin/ranlib
configure:6010: result: ranlib
configure:6112: checking command to parse /usr/bin/nm -B output from gcc object
configure:6232: gcc -c -g -O2  conftest.c >&5
configure:6235: $? = 0
configure:6239: /usr/bin/nm -B conftest.o \| sed -n -e 's/^.*[ ]\([ABCDGIRSTW][ABCDGIRSTW]*\)[ ][ ]*\([_A-Za-z][_A-Za-z0-9]*\)$/\1 \2 \2/p' | sed '/ __gnu_lto/d' \> conftest.nm
configure:6242: $? = 0
configure:6308: gcc -o conftest -g -O2   conftest.c conftstm.o >&5
configure:6311: $? = 0
configure:6349: result: ok
configure:6386: checking for sysroot
configure:6416: result: no
configure:6685: checking for mt
configure:6701: found /bin/mt
configure:6712: result: mt
configure:6735: checking if mt is a manifest tool
configure:6741: mt '-?'
configure:6749: result: no
configure:7391: checking how to run the C preprocessor
configure:7422: gcc -E  conftest.c
configure:7422: $? = 0
configure:7436: gcc -E  conftest.c
conftest.c:11:28: fatal error: ac_nonexistent.h: No such file or directory
 #include <ac_nonexistent.h>
                            ^
compilation terminated.
configure:7436: $? = 1
configure: failed program was:
| /* confdefs.h */
| #define PACKAGE_NAME "libabb"
| #define PACKAGE_TARNAME "libabb"
| #define PACKAGE_VERSION "0.1"
| #define PACKAGE_STRING "libabb 0.1"
| #define PACKAGE_BUGREPORT "583032753@qq.com"
| #define PACKAGE_URL ""
| #define PACKAGE "libabb"
| #define VERSION "0.1"
| /* end confdefs.h.  */
| #include <ac_nonexistent.h>
configure:7461: result: gcc -E
configure:7481: gcc -E  conftest.c
configure:7481: $? = 0
configure:7495: gcc -E  conftest.c
conftest.c:11:28: fatal error: ac_nonexistent.h: No such file or directory
 #include <ac_nonexistent.h>
                            ^
compilation terminated.
configure:7495: $? = 1
configure: failed program was:
| /* confdefs.h */
| #define PACKAGE_NAME "libabb"
| #define PACKAGE_TARNAME "libabb"
| #define PACKAGE_VERSION "0.1"
| #define PACKAGE_STRING "libabb 0.1"
| #define PACKAGE_BUGREPORT "583032753@qq.com"
| #define PACKAGE_URL ""
| #define PACKAGE "libabb"
| #define VERSION "0.1"
| /* end confdefs.h.  */
| #include <ac_nonexistent.h>
configure:7524: checking for ANSI C header files
configure:7544: gcc -c -g -O2  conftest.c >&5
configure:7544: $? = 0
configure:7617: gcc -o conftest -g -O2   conftest.c  >&5
configure:7617: $? = 0
configure:7617: ./conftest
configure:7617: $? = 0
configure:7628: result: yes
configure:7641: checking for sys/types.h
configure:7641: gcc -c -g -O2  conftest.c >&5
configure:7641: $? = 0
configure:7641: result: yes
configure:7641: checking for sys/stat.h
configure:7641: gcc -c -g -O2  conftest.c >&5
configure:7641: $? = 0
configure:7641: result: yes
configure:7641: checking for stdlib.h
configure:7641: gcc -c -g -O2  conftest.c >&5
configure:7641: $? = 0
configure:7641: result: yes
configure:7641: checking for string.h
configure:7641: gcc -c -g -O2  conftest.c >&5
configure:7641: $? = 0
configure:7641: result: yes
configure:7641: checking for memory.h
configure:7641: gcc -c -g -O2  conftest.c >&5
configure:7641: $? = 0
configure:7641: result: yes
configure:7641: checking for strings.h
configure:7641: gcc -c -g -O2  conftest.c >&5
configure:7641: $? = 0
configure:7641: result: yes
configure:7641: checking for inttypes.h
configure:7641: gcc -c -g -O2  conftest.c >&5
configure:7641: $? = 0
configure:7641: result: yes
configure:7641: checking for stdint.h
configure:7641: gcc -c -g -O2  conftest.c >&5
configure:7641: $? = 0
configure:7641: result: yes
configure:7641: checking for unistd.h
configure:7641: gcc -c -g -O2  conftest.c >&5
configure:7641: $? = 0
configure:7641: result: yes
configure:7655: checking for dlfcn.h
configure:7655: gcc -c -g -O2  conftest.c >&5
configure:7655: $? = 0
configure:7655: result: yes
configure:7872: checking for objdir
configure:7887: result: .libs
configure:8154: checking if gcc supports -fno-rtti -fno-exceptions
configure:8172: gcc -c -g -O2  -fno-rtti -fno-exceptions conftest.c >&5
cc1: warning: command line option '-fno-rtti' is valid for C++/ObjC++ but not for C [enabled by default]
configure:8176: $? = 0
configure:8189: result: no
configure:8516: checking for gcc option to produce PIC
configure:8523: result: -fPIC -DPIC
configure:8531: checking if gcc PIC flag -fPIC -DPIC works
configure:8549: gcc -c -g -O2  -fPIC -DPIC -DPIC conftest.c >&5
configure:8553: $? = 0
configure:8566: result: yes
configure:8595: checking if gcc static flag -static works
configure:8623: result: yes
configure:8638: checking if gcc supports -c -o file.o
configure:8659: gcc -c -g -O2  -o out/conftest2.o conftest.c >&5
configure:8663: $? = 0
configure:8685: result: yes
configure:8693: checking if gcc supports -c -o file.o
configure:8740: result: yes
configure:8773: checking whether the gcc linker (/usr/bin/ld) supports shared libraries
configure:9930: result: yes
configure:9967: checking whether -lc should be explicitly linked in
configure:9975: gcc -c -g -O2  conftest.c >&5
configure:9978: $? = 0
configure:9993: gcc -shared  -fPIC -DPIC conftest.o  -v -Wl,-soname -Wl,conftest -o conftest 2\>\&1 \| /bin/grep  -lc  \>/dev/null 2\>\&1
configure:9996: $? = 0
configure:10010: result: no
configure:10170: checking dynamic linker characteristics
configure:10670: gcc -o conftest -g -O2   -Wl,-rpath -Wl,/foo conftest.c  >&5
configure:10670: $? = 0
configure:10904: result: GNU/Linux ld.so
configure:11011: checking how to hardcode library paths into programs
configure:11036: result: immediate
configure:11576: checking whether stripping libraries is possible
configure:11581: result: yes
configure:11616: checking if libtool supports shared libraries
configure:11618: result: yes
configure:11621: checking whether to build shared libraries
configure:11642: result: yes
configure:11645: checking whether to build static libraries
configure:11649: result: yes
configure:11672: checking how to run the C++ preprocessor
configure:11699: g++ -E  conftest.cpp
configure:11699: $? = 0
configure:11713: g++ -E  conftest.cpp
conftest.cpp:23:28: fatal error: ac_nonexistent.h: No such file or directory
 #include <ac_nonexistent.h>
                            ^
compilation terminated.
configure:11713: $? = 1
configure: failed program was:
| /* confdefs.h */
| #define PACKAGE_NAME "libabb"
| #define PACKAGE_TARNAME "libabb"
| #define PACKAGE_VERSION "0.1"
| #define PACKAGE_STRING "libabb 0.1"
| #define PACKAGE_BUGREPORT "583032753@qq.com"
| #define PACKAGE_URL ""
| #define PACKAGE "libabb"
| #define VERSION "0.1"
| #define STDC_HEADERS 1
| #define HAVE_SYS_TYPES_H 1
| #define HAVE_SYS_STAT_H 1
| #define HAVE_STDLIB_H 1
| #define HAVE_STRING_H 1
| #define HAVE_MEMORY_H 1
| #define HAVE_STRINGS_H 1
| #define HAVE_INTTYPES_H 1
| #define HAVE_STDINT_H 1
| #define HAVE_UNISTD_H 1
| #define HAVE_DLFCN_H 1
| #define LT_OBJDIR ".libs/"
| /* end confdefs.h.  */
| #include <ac_nonexistent.h>
configure:11738: result: g++ -E
configure:11758: g++ -E  conftest.cpp
configure:11758: $? = 0
configure:11772: g++ -E  conftest.cpp
conftest.cpp:23:28: fatal error: ac_nonexistent.h: No such file or directory
 #include <ac_nonexistent.h>
                            ^
compilation terminated.
configure:11772: $? = 1
configure: failed program was:
| /* confdefs.h */
| #define PACKAGE_NAME "libabb"
| #define PACKAGE_TARNAME "libabb"
| #define PACKAGE_VERSION "0.1"
| #define PACKAGE_STRING "libabb 0.1"
| #define PACKAGE_BUGREPORT "583032753@qq.com"
| #define PACKAGE_URL ""
| #define PACKAGE "libabb"
| #define VERSION "0.1"
| #define STDC_HEADERS 1
| #define HAVE_SYS_TYPES_H 1
| #define HAVE_SYS_STAT_H 1
| #define HAVE_STDLIB_H 1
| #define HAVE_STRING_H 1
| #define HAVE_MEMORY_H 1
| #define HAVE_STRINGS_H 1
| #define HAVE_INTTYPES_H 1
| #define HAVE_STDINT_H 1
| #define HAVE_UNISTD_H 1
| #define HAVE_DLFCN_H 1
| #define LT_OBJDIR ".libs/"
| /* end confdefs.h.  */
| #include <ac_nonexistent.h>
configure:11941: checking for ld used by g++
configure:12008: result: /usr/bin/ld
configure:12015: checking if the linker (/usr/bin/ld) is GNU ld
configure:12030: result: yes
configure:12085: checking whether the g++ linker (/usr/bin/ld) supports shared libraries
configure:13087: result: yes
configure:13123: g++ -c -g -O2  conftest.cpp >&5
configure:13126: $? = 0
configure:13646: checking for g++ option to produce PIC
configure:13653: result: -fPIC -DPIC
configure:13661: checking if g++ PIC flag -fPIC -DPIC works
configure:13679: g++ -c -g -O2  -fPIC -DPIC -DPIC conftest.cpp >&5
configure:13683: $? = 0
configure:13696: result: yes
configure:13719: checking if g++ static flag -static works
configure:13747: result: yes
configure:13759: checking if g++ supports -c -o file.o
configure:13780: g++ -c -g -O2  -o out/conftest2.o conftest.cpp >&5
configure:13784: $? = 0
configure:13806: result: yes
configure:13811: checking if g++ supports -c -o file.o
configure:13858: result: yes
configure:13888: checking whether the g++ linker (/usr/bin/ld) supports shared libraries
configure:13927: result: yes
configure:14068: checking dynamic linker characteristics
configure:14736: result: GNU/Linux ld.so
configure:14789: checking how to hardcode library paths into programs
configure:14814: result: immediate
configure:15052: creating ./config.status

## ---------------------- ##
## Running config.status. ##
## ---------------------- ##

This file was extended by libabb config.status 0.1, which was
generated by GNU Autoconf 2.69.  Invocation command line was

  CONFIG_FILES    = 
  CONFIG_HEADERS  = 
  CONFIG_LINKS    = 
  CONFIG_COMMANDS = 
  $ ./config.status 

on wd-desktop

config.status:1058: creating Makefile
config.status:1230: executing depfiles commands
config.status:1230: executing libtool commands

## ---------------- ##
## Cache variables. ##
## ---------------- ##

ac_cv_build=i686-pc-linux-gnu
ac_cv_c_compiler_gnu=yes
ac_cv_cxx_compiler_gnu=yes
ac_cv_env_CCC_set=
ac_cv_env_CCC_value=
ac_cv_env_CC_set=
ac_cv_env_CC_value=
ac_cv_env_CFLAGS_set=
ac_cv_env_CFLAGS_value=
ac_cv_env_CPPFLAGS_set=
ac_cv_env_CPPFLAGS_value=
ac_cv_env_CPP_set=
ac_cv_env_CPP_value=
ac_cv_env_CXXCPP_set=
ac_cv_env_CXXCPP_value=
ac_cv_env_CXXFLAGS_set=
ac_cv_env_CXXFLAGS_value=
ac_cv_env_CXX_set=
ac_cv_env_CXX_value=
ac_cv_env_LDFLAGS_set=
ac_cv_env_LDFLAGS_value=
ac_cv_env_LIBS_set=
ac_cv_env_LIBS_value=
ac_cv_env_build_alias_set=
ac_cv_env_build_alias_value=
ac_cv_env_host_alias_set=
ac_cv_env_host_alias_value=
ac_cv_env_target_alias_set=
ac_cv_env_target_alias_value=
ac_cv_header_dlfcn_h=yes
ac_cv_header_inttypes_h=yes
ac_cv_header_memory_h=yes
ac_cv_header_stdc=yes
ac_cv_header_stdint_h=yes
ac_cv_header_stdlib_h=yes
ac_cv_header_string_h=yes
ac_cv_header_strings_h=yes
ac_cv_header_sys_stat_h=yes
ac_cv_header_sys_types_h=yes
ac_cv_header_unistd_h=yes
ac_cv_host=i686-pc-linux-gnu
ac_cv_objext=o
ac_cv_path_EGREP='/bin/grep -E'
ac_cv_path_FGREP='/bin/grep -F'
ac_cv_path_GREP=/bin/grep
ac_cv_path_SED=/bin/sed
ac_cv_path_install='/usr/bin/install -c'
ac_cv_path_mkdir=/bin/mkdir
ac_cv_prog_AWK=mawk
ac_cv_prog_CPP='gcc -E'
ac_cv_prog_CXXCPP='g++ -E'
ac_cv_prog_ac_ct_AR=ar
ac_cv_prog_ac_ct_CC=gcc
ac_cv_prog_ac_ct_CXX=g++
ac_cv_prog_ac_ct_MANIFEST_TOOL=mt
ac_cv_prog_ac_ct_OBJDUMP=objdump
ac_cv_prog_ac_ct_RANLIB=ranlib
ac_cv_prog_ac_ct_STRIP=strip
ac_cv_prog_cc_c89=
ac_cv_prog_cc_g=yes
ac_cv_prog_cxx_g=yes
ac_cv_prog_make_make_set=yes
am_cv_CC_dependencies_compiler_type=gcc3
am_cv_CXX_dependencies_compiler_type=gcc3
lt_cv_ar_at_file=@
lt_cv_archive_cmds_need_lc=no
lt_cv_deplibs_check_method=pass_all
lt_cv_file_magic_cmd='$MAGIC_CMD'
lt_cv_file_magic_test_file=
lt_cv_ld_reload_flag=-r
lt_cv_nm_interface='BSD nm'
lt_cv_objdir=.libs
lt_cv_path_LD=/usr/bin/ld
lt_cv_path_LDCXX=/usr/bin/ld
lt_cv_path_NM='/usr/bin/nm -B'
lt_cv_path_mainfest_tool=no
lt_cv_prog_compiler_c_o=yes
lt_cv_prog_compiler_c_o_CXX=yes
lt_cv_prog_compiler_pic='-fPIC -DPIC'
lt_cv_prog_compiler_pic_CXX='-fPIC -DPIC'
lt_cv_prog_compiler_pic_works=yes
lt_cv_prog_compiler_pic_works_CXX=yes
lt_cv_prog_compiler_rtti_exceptions=no
lt_cv_prog_compiler_static_works=yes
lt_cv_prog_compiler_static_works_CXX=yes
lt_cv_prog_gnu_ld=yes
lt_cv_prog_gnu_ldcxx=yes
lt_cv_sharedlib_from_linklib_cmd='printf %s\n'
lt_cv_shlibpath_overrides_runpath=no
lt_cv_sys_global_symbol_pipe='sed -n -e '\''s/^.*[	 ]\([ABCDGIRSTW][ABCDGIRSTW]*\)[	 ][	 ]*\([_A-Za-z][_A-Za-z0-9]*\)$/\1 \2 \2/p'\'' | sed '\''/ __gnu_lto/d'\'''
lt_cv_sys_global_symbol_to_c_name_address='sed -n -e '\''s/^: \([^ ]*\)[ ]*$/  {\"\1\", (void *) 0},/p'\'' -e '\''s/^[ABCDGIRSTW]* \([^ ]*\) \([^ ]*\)$/  {"\2", (void *) \&\2},/p'\'''
lt_cv_sys_global_symbol_to_c_name_address_lib_prefix='sed -n -e '\''s/^: \([^ ]*\)[ ]*$/  {\"\1\", (void *) 0},/p'\'' -e '\''s/^[ABCDGIRSTW]* \([^ ]*\) \(lib[^ ]*\)$/  {"\2", (void *) \&\2},/p'\'' -e '\''s/^[ABCDGIRSTW]* \([^ ]*\) \([^ ]*\)$/  {"lib\2", (void *) \&\2},/p'\'''
lt_cv_sys_global_symbol_to_cdecl='sed -n -e '\''s/^T .* \(.*\)$/extern int \1();/p'\'' -e '\''s/^[ABCDGIRSTW]* .* \(.*\)$/extern char \1;/p'\'''
lt_cv_sys_max_cmd_len=1572864
lt_cv_to_host_file_cmd=func_convert_file_noop
lt_cv_to_tool_file_cmd=func_convert_file_noop

## ----------------- ##
## Output variables. ##
## ----------------- ##

ACLOCAL='${SHELL} /home/wd/libabb/missing --run aclocal-1.10'
AMDEPBACKSLASH='\'
AMDEP_FALSE='#'
AMDEP_TRUE=''
AMTAR='${SHELL} /home/wd/libabb/missing --run tar'
AR='ar'
AUTOCONF='${SHELL} /home/wd/libabb/missing --run autoconf'
AUTOHEADER='${SHELL} /home/wd/libabb/missing --run autoheader'
AUTOMAKE='${SHELL} /home/wd/libabb/missing --run automake-1.10'
AWK='mawk'
CC='gcc'
CCDEPMODE='depmode=gcc3'
CFLAGS='-g -O2'
CPP='gcc -E'
CPPFLAGS=''
CXX='g++'
CXXCPP='g++ -E'
CXXDEPMODE='depmode=gcc3'
CXXFLAGS='-g -O2'
CYGPATH_W='echo'
DEFS='-DPACKAGE_NAME=\"libabb\" -DPACKAGE_TARNAME=\"libabb\" -DPACKAGE_VERSION=\"0.1\" -DPACKAGE_STRING=\"libabb\ 0.1\" -DPACKAGE_BUGREPORT=\"583032753@qq.com\" -DPACKAGE_URL=\"\" -DPACKAGE=\"libabb\" -DVERSION=\"0.1\" -DSTDC_HEADERS=1 -DHAVE_SYS_TYPES_H=1 -DHAVE_SYS_STAT_H=1 -DHAVE_STDLIB_H=1 -DHAVE_STRING_H=1 -DHAVE_MEMORY_H=1 -DHAVE_STRINGS_H=1 -DHAVE_INTTYPES_H=1 -DHAVE_STDINT_H=1 -DHAVE_UNISTD_H=1 -DHAVE_DLFCN_H=1 -DLT_OBJDIR=\".libs/\"'
DEPDIR='.deps'
DLLTOOL='false'
DSYMUTIL=''
DUMPBIN=''
ECHO_C=''
ECHO_N='-n'
ECHO_T=''
EGREP='/bin/grep -E'
EXEEXT=''
FGREP='/bin/grep -F'
GREP='/bin/grep'
INSTALL_DATA='${INSTALL} -m 644'
INSTALL_PROGRAM='${INSTALL}'
INSTALL_SCRIPT='${INSTALL}'
INSTALL_STRIP_PROGRAM='$(install_sh) -c -s'
LD='/usr/bin/ld'
LDFLAGS=''
LIBOBJS=''
LIBS=''
LIBTOOL='$(SHELL) $(top_builddir)/libtool'
LIPO=''
LN_S='ln -s'
LTLIBOBJS=''
MAKEINFO='${SHELL} /home/wd/libabb/missing --run makeinfo'
MANIFEST_TOOL=':'
MKDIR_P='/bin/mkdir -p'
NM='/usr/bin/nm -B'
NMEDIT=''
OBJDUMP='objdump'
OBJEXT='o'
OTOOL64=''
OTOOL=''
PACKAGE='libabb'
PACKAGE_BUGREPORT='583032753@qq.com'
PACKAGE_NAME='libabb'
PACKAGE_STRING='libabb 0.1'
PACKAGE_TARNAME='libabb'
PACKAGE_URL=''
PACKAGE_VERSION='0.1'
PATH_SEPARATOR=':'
RANLIB='ranlib'
SED='/bin/sed'
SET_MAKE=''
SHELL='/bin/bash'
STRIP='strip'
VERSION='0.1'
ac_ct_AR='ar'
ac_ct_CC='gcc'
ac_ct_CXX='g++'
ac_ct_DUMPBIN=''
am__fastdepCC_FALSE='#'
am__fastdepCC_TRUE=''
am__fastdepCXX_FALSE='#'
am__fastdepCXX_TRUE=''
am__include='include'
am__isrc=''
am__leading_dot='.'
am__quote=''
am__tar='${AMTAR} chof - "$$tardir"'
am__untar='${AMTAR} xf -'
bindir='${exec_prefix}/bin'
build='i686-pc-linux-gnu'
build_alias=''
build_cpu='i686'
build_os='linux-gnu'
build_vendor='pc'
datadir='${datarootdir}'
datarootdir='${prefix}/share'
docdir='${datarootdir}/doc/${PACKAGE_TARNAME}'
dvidir='${docdir}'
exec_prefix='${prefix}'
host='i686-pc-linux-gnu'
host_alias=''
host_cpu='i686'
host_os='linux-gnu'
host_vendor='pc'
htmldir='${docdir}'
includedir='${prefix}/include'
infodir='${datarootdir}/info'
install_sh='$(SHELL) /home/wd/libabb/install-sh'
libdir='${exec_prefix}/lib'
libexecdir='${exec_prefix}/libexec'
localedir='${datarootdir}/locale'
localstatedir='${prefix}/var'
mandir='${datarootdir}/man'
mkdir_p='/bin/mkdir -p'
oldincludedir='/usr/include'
pdfdir='${docdir}'
prefix='/usr/local'
program_transform_name='s,x,x,'
psdir='${docdir}'
sbindir='${exec_prefix}/sbin'
sharedstatedir='${prefix}/com'
sysconfdir='${prefix}/etc'
target_alias=''

## ----------- ##
## confdefs.h. ##
## ----------- ##

/* confdefs.h */
#define PACKAGE_NAME "libabb"
#define PACKAGE_TARNAME "libabb"
#define PACKAGE_VERSION "0.1"
#define PACKAGE_STRING "libabb 0.1"
#define PACKAGE_BUGREPORT "583032753@qq.com"
#define PACKAGE_URL ""
#define PACKAGE "libabb"
#define VERSION "0.1"
#define STDC_HEADERS 1
#define HAVE_SYS_TYPES_H 1
#define HAVE_SYS_STAT_H 1
#define HAVE_STDLIB_H 1
#define HAVE_STRING_H 1
#define HAVE_MEMORY_H 1
#define HAVE_STRINGS_H 1
#define HAVE_INTTYPES_H 1
#define HAVE_STDINT_H 1
#define HAVE_UNISTD_H 1
#define HAVE_DLFCN_H 1
#define LT_OBJDIR ".libs/"

configure: exit 0

## ---------------------- ##
## Running config.status. ##
## ---------------------- ##

This file was extended by libabb config.status 0.1, which was
generated by GNU Autoconf 2.69.  Invocation command line was

  CONFIG_FILES    = 
  CONFIG_HEADERS  = 
  CONFIG_LINKS    = 
  CONFIG_COMMANDS = 
  $ ./config.status Makefile depfiles

on wd-desktop

config.status:1058: creating Makefile
config.status:1230: executing depfiles commands
